[debug] [2020-04-04T11:03:26.708Z] ----------------------------------------------------------------------
[debug] [2020-04-04T11:03:26.711Z] Command:       C:\Program Files\nodejs\node.exe C:\Users\anurvish\AppData\Roaming\npm\node_modules\firebase-tools\lib\bin\firebase.js init
[debug] [2020-04-04T11:03:26.711Z] CLI Version:   7.16.1
[debug] [2020-04-04T11:03:26.711Z] Platform:      win32
[debug] [2020-04-04T11:03:26.711Z] Node Version:  v10.16.3
[debug] [2020-04-04T11:03:26.713Z] Time:          Sat Apr 04 2020 16:33:26 GMT+0530 (India Standard Time)
[debug] [2020-04-04T11:03:26.713Z] ----------------------------------------------------------------------
[debug] [2020-04-04T11:03:26.713Z] 
[debug] [2020-04-04T11:03:26.722Z] > command requires scopes: ["email","openid","https://www.googleapis.com/auth/cloudplatformprojects.readonly","https://www.googleapis.com/auth/firebase","https://www.googleapis.com/auth/cloud-platform"]
[debug] [2020-04-04T11:03:26.723Z] > authorizing via signed-in user
[info] 
     ######## #### ########  ######## ########     ###     ######  ########
     ##        ##  ##     ## ##       ##     ##  ##   ##  ##       ##
     ######    ##  ########  ######   ########  #########  ######  ######
     ##        ##  ##    ##  ##       ##     ## ##     ##       ## ##
     ##       #### ##     ## ######## ########  ##     ##  ######  ########

You're about to initialize a Firebase project in this directory:

  C:\Users\anurvish\Desktop\javaWorkspace\essential

[info] 
=== Project Setup
[info] 
[info] First, let's associate this project directory with a Firebase project.
[info] You can create multiple project aliases by running firebase use --add, 
[info] but for now we'll just set up a default project.
[info] 
[debug] [2020-04-04T11:03:39.267Z] > refreshing access token with scopes: ["email","https://www.googleapis.com/auth/cloud-platform","https://www.googleapis.com/auth/cloudplatformprojects.readonly","https://www.googleapis.com/auth/firebase","openid"]
[debug] [2020-04-04T11:03:39.268Z] >>> HTTP REQUEST POST https://www.googleapis.com/oauth2/v3/token  
 <request body omitted>
[debug] [2020-04-04T11:03:39.913Z] <<< HTTP RESPONSE 200
[debug] [2020-04-04T11:03:39.922Z] >>> HTTP REQUEST GET https://firebase.googleapis.com/v1beta1/projects?pageSize=100  
 
[debug] [2020-04-04T11:03:40.922Z] <<< HTTP RESPONSE 200
[info] i  Using project essentialservice-2206 (essentialService)
[info] 
=== Database Setup
[info] 
[info] Firebase Realtime Database Rules allow you to define how your data should be
[info] structured and when your data can be read from and written to.
[info] 
[debug] [2020-04-04T11:03:48.423Z] >>> HTTP REQUEST GET https://essentialservice-2206.firebaseio.com/.settings/rules.json  
 
[debug] [2020-04-04T11:03:50.947Z] <<< HTTP RESPONSE 200
[info] +  Database Rules for essentialservice-2206 have been downloaded to database.rules.json.
[info] Future modifications to database.rules.json will update Database Rules when you run
[info] firebase deploy.
[info] 
=== Hosting Setup
[info] 
[info] Your public directory is the folder (relative to your project directory) that
[info] will contain Hosting assets to be uploaded with firebase deploy. If you
[info] have a build process for your assets, use your build's output directory.
[info] 
